#
# There is insufficient memory for the Java Runtime Environment to continue.
# Native memory allocation (malloc) failed to allocate 1048576 bytes for AllocateHeap
# Possible reasons:
#   The system is out of physical RAM or swap space
#   In 32 bit mode, the process size limit was hit
# Possible solutions:
#   Reduce memory load on the system
#   Increase physical memory or swap space
#   Check if swap backing store is full
#   Use 64 bit Java on a 64 bit OS
#   Decrease Java heap size (-Xmx/-Xms)
#   Decrease number of Java threads
#   Decrease Java thread stack sizes (-Xss)
#   Set larger code cache with -XX:ReservedCodeCacheSize=
# This output file may be truncated or incomplete.
#
#  Out of Memory Error (memory/allocation.inline.hpp:61), pid=6180, tid=0x0000000000000414
#
# JRE version:  (8.0_111-b14) (build )
# Java VM: Java HotSpot(TM) 64-Bit Server VM (25.111-b14 mixed mode windows-amd64 compressed oops)
# Failed to write core dump. Minidumps are not enabled by default on client versions of Windows
#

---------------  T H R E A D  ---------------

Current thread (0x00000000026a1000):  JavaThread "Unknown thread" [_thread_in_vm, id=1044, stack(0x00000000025a0000,0x00000000026a0000)]

Stack: [0x00000000025a0000,0x00000000026a0000]
[error occurred during error reporting (printing stack bounds), id 0xc0000005]

Native frames: (J=compiled Java code, j=interpreted, Vv=VM code, C=native code)


---------------  P R O C E S S  ---------------

Java Threads: ( => current thread )

Other Threads:

=>0x00000000026a1000 (exited) JavaThread "Unknown thread" [_thread_in_vm, id=1044, stack(0x00000000025a0000,0x00000000026a0000)]

VM state:not at safepoint (normal execution)

VM Mutex/Monitor currently owned by a thread: None

Heap:
 PSYoungGen      total 37888K, used 655K [0x00000000d6400000, 0x00000000d8e00000, 0x0000000100000000)
  eden space 32768K, 2% used [0x00000000d6400000,0x00000000d64a3d80,0x00000000d8400000)
  from space 5120K, 0% used [0x00000000d8900000,0x00000000d8900000,0x00000000d8e00000)
  to   space 5120K, 0% used [0x00000000d8400000,0x00000000d8400000,0x00000000d8900000)
 ParOldGen       total 86016K, used 0K [0x0000000082c00000, 0x0000000088000000, 0x00000000d6400000)
  object space 86016K, 0% used [0x0000000082c00000,0x0000000082c00000,0x0000000088000000)
 Metaspace       used 783K, capacity 1092K, committed 1152K, reserved 1060864K
  class space    used 75K, capacity 384K, committed 384K, reserved 1048576K

Card table byte_map: [0x0000000011b60000,0x0000000011f50000] byte_map_base: 0x000000001174a000

Marking Bits: (ParMarkBitMap*) 0x000000007321a6c0
 Begin Bits: [0x00000000125f0000, 0x0000000014540000)
 End Bits:   [0x0000000014540000, 0x0000000016490000)

Polling page: 0x0000000000790000

CodeCache: size=245760Kb used=328Kb max_used=328Kb free=245431Kb
 bounds [0x00000000027a0000, 0x0000000002a10000, 0x00000000117a0000]
 total_blobs=58 nmethods=0 adapters=38
 compilation: enabled

Compilation events (0 events):
No events

GC Heap History (0 events):
No events

Deoptimization events (0 events):
No events

Internal exceptions (0 events):
No events

Events (10 events):
Event: 0.021 loading class java/lang/Short
Event: 0.021 loading class java/lang/Short done
Event: 0.021 loading class java/lang/Integer
Event: 0.021 loading class java/lang/Integer done
Event: 0.021 loading class java/lang/Long
Event: 0.021 loading class java/lang/Long done
Event: 0.021 loading class java/lang/NullPointerException
Event: 0.022 loading class java/lang/NullPointerException done
Event: 0.022 loading class java/lang/ArithmeticException
Event: 0.022 loading class java/lang/ArithmeticException done


Dynamic libraries:
0x00007ff7c70b0000 - 0x00007ff7c70e7000 	C:\Program Files\Java\jdk1.8.0_111\bin\java.exe
0x00007ffa1fa50000 - 0x00007ffa1fc45000 	C:\Windows\SYSTEM32\ntdll.dll
0x00007ffa1e450000 - 0x00007ffa1e50e000 	C:\Windows\System32\KERNEL32.DLL
0x00007ffa1d6a0000 - 0x00007ffa1d969000 	C:\Windows\System32\KERNELBASE.dll
0x00007ffa1db30000 - 0x00007ffa1dbdc000 	C:\Windows\System32\ADVAPI32.dll
0x00007ffa1f720000 - 0x00007ffa1f7be000 	C:\Windows\System32\msvcrt.dll
0x00007ffa1f8f0000 - 0x00007ffa1f98b000 	C:\Windows\System32\sechost.dll
0x00007ffa1ee10000 - 0x00007ffa1ef3a000 	C:\Windows\System32\RPCRT4.dll
0x00007ffa1f040000 - 0x00007ffa1f1e1000 	C:\Windows\System32\USER32.dll
0x00007ffa1d9c0000 - 0x00007ffa1d9e2000 	C:\Windows\System32\win32u.dll
0x00007ffa1db00000 - 0x00007ffa1db2b000 	C:\Windows\System32\GDI32.dll
0x00007ffa1d560000 - 0x00007ffa1d66b000 	C:\Windows\System32\gdi32full.dll
0x00007ffa1d4c0000 - 0x00007ffa1d55d000 	C:\Windows\System32\msvcp_win.dll
0x00007ffa1d170000 - 0x00007ffa1d270000 	C:\Windows\System32\ucrtbase.dll
0x00007ffa06a60000 - 0x00007ffa06cfa000 	C:\Windows\WinSxS\amd64_microsoft.windows.common-controls_6595b64144ccf1df_6.0.19041.1110_none_60b5254171f9507e\COMCTL32.dll
0x00007ffa1f850000 - 0x00007ffa1f880000 	C:\Windows\System32\IMM32.DLL
0x0000000072920000 - 0x00000000729f2000 	C:\Program Files\Java\jdk1.8.0_111\jre\bin\msvcr100.dll
0x0000000072a00000 - 0x000000007329a000 	C:\Program Files\Java\jdk1.8.0_111\jre\bin\server\jvm.dll
0x00007ffa1f880000 - 0x00007ffa1f888000 	C:\Windows\System32\PSAPI.DLL
0x00007ffa17000000 - 0x00007ffa1700a000 	C:\Windows\SYSTEM32\VERSION.dll
0x00007ffa07870000 - 0x00007ffa07879000 	C:\Windows\SYSTEM32\WSOCK32.dll
0x00007ffa0c630000 - 0x00007ffa0c657000 	C:\Windows\SYSTEM32\WINMM.dll
0x00007ffa1ec80000 - 0x00007ffa1eceb000 	C:\Windows\System32\WS2_32.dll
0x0000000073ed0000 - 0x0000000073edf000 	C:\Program Files\Java\jdk1.8.0_111\jre\bin\verify.dll
0x00000000728b0000 - 0x00000000728d9000 	C:\Program Files\Java\jdk1.8.0_111\jre\bin\java.dll
0x0000000073eb0000 - 0x0000000073ec6000 	C:\Program Files\Java\jdk1.8.0_111\jre\bin\zip.dll

VM Arguments:
jvm_args: -Dfile.encoding=UTF-8 
java_command: scenebuilderlibrarysystem.SceneBuilderLibrarySystem
java_class_path (initial): C:\Users\awadallah\Documents\NetBeansProjects\SceneBuilderLibrarySystem\build\classes
Launcher Type: SUN_STANDARD

Environment Variables:
PATH=C:\Program Files\Python311\Scripts\;C:\Program Files\Python311\;C:\ProgramData\Oracle\Java\javapath;C:\Windows\system32;C:\Windows;C:\Windows\System32\Wbem;C:\Windows\System32\WindowsPowerShell\v1.0\;C:\Windows\System32\OpenSSH\;C:\Users\awadallah\AppData\Local\Microsoft\WindowsApps;;C:\Users\awadallah\AppData\Local\Programs\Microsoft VS Code\bin
USERNAME=awadallah
OS=Windows_NT
PROCESSOR_IDENTIFIER=Intel64 Family 6 Model 158 Stepping 9, GenuineIntel



---------------  S Y S T E M  ---------------

OS: Windows 10.0 , 64 bit Build 19041 (10.0.19041.1202)

CPU:total 4 (4 cores per cpu, 1 threads per core) family 6 model 158 stepping 9, cmov, cx8, fxsr, mmx, sse, sse2, sse3, ssse3, sse4.1, sse4.2, popcnt, avx, avx2, aes, clmul, erms, rtm, 3dnowpref, lzcnt, tsc, tscinvbit, bmi1, bmi2, adx

Memory: 4k page, physical 8204656k(828924k free), swap 11039896k(5204k free)

vm_info: Java HotSpot(TM) 64-Bit Server VM (25.111-b14) for windows-amd64 JRE (1.8.0_111-b14), built on Sep 22 2016 19:24:05 by "java_re" with MS VC++ 10.0 (VS2010)

time: Wed Dec 11 19:44:20 2024
elapsed time: 0 seconds (0d 0h 0m 0s)

